<?xml version="1.0" encoding="UTF-8"?>
<testng-results skipped="0" failed="0" ignored="0" total="1" passed="1">
  <reporter-output>
  </reporter-output>
  <suite name="Suite" duration-ms="23" started-at="2020-04-04T06:13:01Z" finished-at="2020-04-04T06:13:01Z">
    <groups>
    </groups>
    <test name="Test" duration-ms="23" started-at="2020-04-04T06:13:01Z" finished-at="2020-04-04T06:13:01Z">
      <class name="demo1.Test1">
        <test-method status="PASS" signature="print()[pri:0, instance:demo1.Test1@3cbbc1e0]" name="print" duration-ms="5" started-at="2020-04-04T06:13:01Z" finished-at="2020-04-04T06:13:01Z">
          <reporter-output>
          </reporter-output>
        </test-method> <!-- print -->
      </class> <!-- demo1.Test1 -->
    </test> <!-- Test -->
  </suite> <!-- Suite -->
</testng-results>
